<?xml version="1.0" encoding="UTF-8"?>
<!-- Generated by org.testng.reporters.JUnitReportReporter -->
<testsuite hostname="Gana-HP" failures="0" tests="1" name="crossBrowserTesting.Bata" time="30.272" errors="0" timestamp="2024-07-21T11:50:50 IST" skipped="0">
  <testcase classname="crossBrowserTesting.Bata" name="bata" time="30.272"/>
  <system-out>
    <![CDATA[Bata shoe website launched successfully]]>
  </system-out>
</testsuite> <!-- crossBrowserTesting.Bata -->
