<?xml version="1.0" encoding="UTF-8"?>
<!-- Generated by org.testng.reporters.JUnitReportReporter -->
<testsuite hostname="Gana-HP" failures="0" tests="1" name="interviewQuestions.XpathTofindListofTVsinAmazon" time="8.788" errors="0" timestamp="2024-06-19T20:44:35 IST" skipped="0">
  <testcase classname="interviewQuestions.XpathTofindListofTVsinAmazon" name="listOfTvs" time="8.788"/>
  <system-out>
    <![CDATA[List of TVs are]]>
  </system-out>
</testsuite> <!-- interviewQuestions.XpathTofindListofTVsinAmazon -->
