<?xml version="1.0" encoding="UTF-8"?>
<!-- Generated by org.testng.reporters.JUnitReportReporter -->
<testsuite hostname="Gana-HP" failures="0" tests="3" name="excel.LoginWithExcelDataUsingDataProvider" time="27.665" errors="0" timestamp="2023-10-18T10:43:29 IST" skipped="0">
  <testcase classname="excel.LoginWithExcelDataUsingDataProvider" name="loginTest" time="9.365"/>
  <system-out/>
  <testcase classname="excel.LoginWithExcelDataUsingDataProvider" name="loginTest" time="9.390"/>
  <system-out/>
  <testcase classname="excel.LoginWithExcelDataUsingDataProvider" name="loginTest" time="8.910"/>
  <system-out/>
</testsuite> <!-- excel.LoginWithExcelDataUsingDataProvider -->
