<?xml version="1.0" encoding="UTF-8"?>
<!-- Generated by org.testng.reporters.JUnitReportReporter -->
<testsuite hostname="Gana-HP" failures="0" tests="4" name="frameWork.LoginTest" time="4.208" errors="0" timestamp="2023-10-18T17:39:54 IST" skipped="0">
  <testcase classname="frameWork.LoginTest" name="loginTest" time="1.546"/>
  <system-out/>
  <testcase classname="frameWork.LoginTest" name="loginTest" time="0.888"/>
  <system-out/>
  <testcase classname="frameWork.LoginTest" name="loginTest" time="0.927"/>
  <system-out/>
  <testcase classname="frameWork.LoginTest" name="loginTest" time="0.847"/>
  <system-out/>
</testsuite> <!-- frameWork.LoginTest -->
