<?xml version="1.0" encoding="UTF-8"?>
<!-- Generated by org.testng.reporters.JUnitReportReporter -->
<testsuite hostname="Gana-HP" failures="0" tests="1" name="crossBrowserTesting.PumaShoe" time="29.819" errors="0" timestamp="2024-07-21T11:50:50 IST" skipped="0">
  <testcase classname="crossBrowserTesting.PumaShoe" name="puma" time="29.819"/>
  <system-out>
    <![CDATA[Puma shoe website launched successfully]]>
  </system-out>
</testsuite> <!-- crossBrowserTesting.PumaShoe -->
