<?xml version="1.0" encoding="UTF-8"?>
<!-- Generated by org.testng.reporters.JUnitReportReporter -->
<testsuite hostname="Gana-HP" failures="0" tests="4" name="learningTestNG.dependsOnMethodAttribute" time="17.103" errors="0" timestamp="2023-12-13T16:24:19 IST" skipped="0">
  <testcase classname="learningTestNG.dependsOnMethodAttribute" name="samsung" time="7.521"/>
  <system-out>
    <![CDATA[Samsung website launched successfully]]>
  </system-out>
  <testcase classname="learningTestNG.dependsOnMethodAttribute" name="realme" time="3.401"/>
  <system-out>
    <![CDATA[Realme website launched successfully]]>
  </system-out>
  <testcase classname="learningTestNG.dependsOnMethodAttribute" name="oppo" time="2.880"/>
  <system-out>
    <![CDATA[Oppo website launched successfully]]>
  </system-out>
  <testcase classname="learningTestNG.dependsOnMethodAttribute" name="apple" time="3.301"/>
  <system-out>
    <![CDATA[Apple website launched successfully]]>
  </system-out>
</testsuite> <!-- learningTestNG.dependsOnMethodAttribute -->
