<?xml version="1.0" encoding="UTF-8"?>
<!-- Generated by org.testng.reporters.JUnitReportReporter -->
<testsuite hostname="Gana-HP" failures="0" tests="1" name="crossBrowserTesting.Crocs" time="33.496" errors="0" timestamp="2024-07-21T11:50:50 IST" skipped="0">
  <testcase classname="crossBrowserTesting.Crocs" name="crocs" time="33.496"/>
  <system-out>
    <![CDATA[Crocs shoe website launched successfully]]>
  </system-out>
</testsuite> <!-- crossBrowserTesting.Crocs -->
