<?xml version="1.0" encoding="UTF-8"?>
<!-- Generated by org.testng.reporters.JUnitReportReporter -->
<testsuite hostname="Gana-HP" failures="0" tests="2" name="testNG.LoginWithDataProvider" time="13.817" errors="0" timestamp="2023-10-17T16:41:50 IST" skipped="0">
  <testcase classname="testNG.LoginWithDataProvider" name="datadrivenTesting" time="7.947"/>
  <system-out/>
  <testcase classname="testNG.LoginWithDataProvider" name="datadrivenTesting" time="5.870"/>
  <system-out/>
</testsuite> <!-- testNG.LoginWithDataProvider -->
