<?xml version="1.0" encoding="UTF-8"?>
<!-- Generated by org.testng.reporters.JUnitReportReporter -->
<testsuite hostname="Gana-HP" failures="0" tests="1" name="SvgTagTaskPetDisease" time="8.235" errors="0" timestamp="2024-03-19T17:07:47 IST" skipped="0">
  <testcase classname="SvgTagTaskPetDisease" name="petTest" time="8.235"/>
  <system-out/>
</testsuite> <!-- SvgTagTaskPetDisease -->
