<?xml version="1.0" encoding="UTF-8"?>
<!-- Generated by org.testng.reporters.JUnitReportReporter -->
<testsuite hostname="Gana-HP" failures="0" tests="1" name="learningTestNG.TimeOutAttribute" time="4.964" errors="0" timestamp="2023-12-13T16:01:43 IST" skipped="0">
  <testcase classname="learningTestNG.TimeOutAttribute" name="demo" time="4.964"/>
  <system-out/>
</testsuite> <!-- learningTestNG.TimeOutAttribute -->
