<?xml version="1.0" encoding="UTF-8"?>
<!-- Generated by org.testng.reporters.JUnitReportReporter -->
<testsuite hostname="Gana-HP" failures="0" tests="2" name="frameWork.RegisterTest" time="4.576" errors="0" timestamp="2023-10-18T17:39:54 IST" skipped="0">
  <testcase classname="frameWork.RegisterTest" name="registerTest" time="2.782"/>
  <system-out/>
  <testcase classname="frameWork.RegisterTest" name="registerTest" time="1.794"/>
  <system-out/>
</testsuite> <!-- frameWork.RegisterTest -->
