<?xml version="1.0" encoding="UTF-8"?>
<!-- Generated by org.testng.reporters.JUnitReportReporter -->
<testsuite hostname="Gana-HP" failures="0" tests="1" name="ShopperStackSvgTagTask" time="21.232" errors="0" timestamp="2024-03-18T17:28:50 IST" skipped="0">
  <testcase classname="ShopperStackSvgTagTask" name="favoriteTest" time="21.232"/>
  <system-out/>
</testsuite> <!-- ShopperStackSvgTagTask -->
