<?xml version="1.0" encoding="UTF-8"?>
<!-- Generated by org.testng.reporters.JUnitReportReporter -->
<testsuite hostname="Gana-HP" failures="0" tests="6" name="testNG.LearningTestNGAttributes" time="0.080" errors="0" timestamp="2023-10-16T17:05:57 IST" skipped="0">
  <testcase classname="testNG.LearningTestNGAttributes" name="cartTest" time="0.010"/>
  <system-out/>
  <testcase classname="testNG.LearningTestNGAttributes" name="loginTest" time="0.006"/>
  <system-out/>
  <testcase classname="testNG.LearningTestNGAttributes" name="buynowTest" time="0.012"/>
  <system-out/>
  <testcase classname="testNG.LearningTestNGAttributes" name="registerTest" time="0.037"/>
  <system-out/>
  <testcase classname="testNG.LearningTestNGAttributes" name="registerTest" time="0.011"/>
  <system-out/>
  <testcase classname="testNG.LearningTestNGAttributes" name="wishlistTest" time="0.004"/>
  <system-out/>
</testsuite> <!-- testNG.LearningTestNGAttributes -->
