<?xml version="1.0" encoding="UTF-8"?>
<!-- Generated by org.testng.reporters.JUnitReportReporter -->
<testsuite hostname="Gana-HP" failures="0" tests="3" name="testNG.ConfigurationAnnotation" time="0.055" errors="0" timestamp="2023-10-16T17:05:57 IST" skipped="0">
  <testcase classname="testNG.ConfigurationAnnotation" name="test2" time="0.005"/>
  <system-out/>
  <testcase classname="testNG.ConfigurationAnnotation" name="test1" time="0.041"/>
  <system-out/>
  <testcase classname="testNG.ConfigurationAnnotation" name="test3" time="0.009"/>
  <system-out/>
</testsuite> <!-- testNG.ConfigurationAnnotation -->
