<?xml version="1.0" encoding="UTF-8"?>
<!-- Generated by org.testng.reporters.JUnitReportReporter -->
<testsuite hostname="Gana-HP" failures="0" tests="2" name="testNG.WorikingWithDataProvider" time="0.008" errors="0" timestamp="2023-10-17T11:55:14 IST" skipped="0">
  <testcase classname="testNG.WorikingWithDataProvider" name="datadrivenTesting" time="0.005"/>
  <system-out/>
  <testcase classname="testNG.WorikingWithDataProvider" name="datadrivenTesting" time="0.003"/>
  <system-out/>
</testsuite> <!-- testNG.WorikingWithDataProvider -->
