<?xml version="1.0" encoding="UTF-8"?>
<!-- Generated by org.testng.reporters.JUnitReportReporter -->
<testsuite hostname="Gana-HP" failures="0" tests="2" name="dataProvider.WorkingWithDataProvider" time="0.009" errors="0" timestamp="2023-10-18T09:39:11 IST" skipped="0">
  <testcase classname="dataProvider.WorkingWithDataProvider" name="dataDriven" time="0.002"/>
  <system-out/>
  <testcase classname="dataProvider.WorkingWithDataProvider" name="dataDriven" time="0.007"/>
  <system-out/>
</testsuite> <!-- dataProvider.WorkingWithDataProvider -->
