<?xml version="1.0" encoding="UTF-8"?>
<!-- Generated by org.testng.reporters.JUnitReportReporter -->
<testsuite hostname="Gana-HP" failures="0" tests="1" name="testNG.ProductAddToCartTest" time="11.793" errors="0" timestamp="2023-10-16T17:05:57 IST" skipped="0">
  <testcase classname="testNG.ProductAddToCartTest" name="productAddToCartTest" time="11.793"/>
  <system-out/>
</testsuite> <!-- testNG.ProductAddToCartTest -->
