<?xml version="1.0" encoding="UTF-8"?>
<!-- Generated by org.testng.reporters.JUnitReportReporter -->
<testsuite hostname="Gana-HP" failures="0" tests="2" name="excel.RegisterWithExcelDataUsingDataProvider" time="11.580" errors="0" timestamp="2023-10-18T11:06:03 IST" skipped="0">
  <testcase classname="excel.RegisterWithExcelDataUsingDataProvider" name="loginTest" time="5.255"/>
  <system-out/>
  <testcase classname="excel.RegisterWithExcelDataUsingDataProvider" name="loginTest" time="6.325"/>
  <system-out/>
</testsuite> <!-- excel.RegisterWithExcelDataUsingDataProvider -->
