<?xml version="1.0" encoding="UTF-8"?>
<!-- Generated by org.testng.reporters.JUnitReportReporter -->
<testsuite hostname="Gana-HP" failures="0" tests="3" name="dataProvider.DataProviderPractice" time="12.777" errors="0" timestamp="2024-03-12T16:47:23 IST" skipped="0">
  <testcase classname="dataProvider.DataProviderPractice" name="demoTest" time="2.683"/>
  <system-out/>
  <testcase classname="dataProvider.DataProviderPractice" name="demoTest" time="8.520"/>
  <system-out/>
  <testcase classname="dataProvider.DataProviderPractice" name="demoTest" time="1.574"/>
  <system-out/>
</testsuite> <!-- dataProvider.DataProviderPractice -->
