<?xml version="1.0" encoding="UTF-8"?>
<!-- Generated by org.testng.reporters.JUnitReportReporter -->
<testsuite hostname="Gana-HP" failures="0" tests="1" name="shoes.Bata" time="3.060" errors="0" timestamp="2023-12-14T12:13:17 IST" skipped="0">
  <testcase classname="shoes.Bata" name="bata" time="3.060"/>
  <system-out>
    <![CDATA[Bata shoe website launched successfully]]>
  </system-out>
</testsuite> <!-- shoes.Bata -->
