<?xml version="1.0" encoding="UTF-8"?>
<!-- Generated by org.testng.reporters.JUnitReportReporter -->
<testsuite hostname="Gana-HP" failures="0" tests="5" name="excel.WorkingWithExcel" time="27.916" errors="0" timestamp="2023-11-21T16:52:22 IST" skipped="0">
  <testcase classname="excel.WorkingWithExcel" name="datadrivenTesting" time="5.594"/>
  <system-out/>
  <testcase classname="excel.WorkingWithExcel" name="datadrivenTesting" time="5.213"/>
  <system-out/>
  <testcase classname="excel.WorkingWithExcel" name="datadrivenTesting" time="4.943"/>
  <system-out/>
  <testcase classname="excel.WorkingWithExcel" name="datadrivenTesting" time="6.891"/>
  <system-out/>
  <testcase classname="excel.WorkingWithExcel" name="datadrivenTesting" time="5.275"/>
  <system-out/>
</testsuite> <!-- excel.WorkingWithExcel -->
