<?xml version="1.0" encoding="UTF-8"?>
<!-- Generated by org.testng.reporters.JUnitReportReporter -->
<testsuite hostname="Gana-HP" failures="0" tests="1" name="testNG.RegisterTest" time="10.883" errors="0" timestamp="2023-10-16T17:05:57 IST" skipped="0">
  <testcase classname="testNG.RegisterTest" name="registerTest" time="10.883"/>
  <system-out/>
</testsuite> <!-- testNG.RegisterTest -->
