<?xml version="1.0" encoding="UTF-8"?>
<!-- Generated by org.testng.reporters.JUnitReportReporter -->
<testsuite hostname="Gana-HP" failures="0" tests="1" name="ChatGPTAutomation" time="9.186" errors="0" timestamp="2024-09-05T15:33:53 IST" skipped="0">
  <testcase classname="ChatGPTAutomation" name="search" time="9.186"/>
  <system-out/>
</testsuite> <!-- ChatGPTAutomation -->
