<?xml version="1.0" encoding="UTF-8"?>
<!-- Generated by org.testng.reporters.JUnitReportReporter -->
<testsuite hostname="Gana-HP" failures="0" tests="1" name="shoes.Crocs" time="3.138" errors="0" timestamp="2023-12-14T12:13:17 IST" skipped="0">
  <testcase classname="shoes.Crocs" name="crocs" time="3.138"/>
  <system-out>
    <![CDATA[Crocs shoe website launched successfully]]>
  </system-out>
</testsuite> <!-- shoes.Crocs -->
