<?xml version="1.0" encoding="UTF-8"?>
<!-- Generated by org.testng.reporters.JUnitReportReporter -->
<testsuite hostname="Gana-HP" failures="0" tests="2" name="testNG.RegisterWithDataProvider" time="14.982" errors="0" timestamp="2023-10-17T12:29:46 IST" skipped="0">
  <testcase classname="testNG.RegisterWithDataProvider" name="datadrivenTesting" time="7.599"/>
  <system-out/>
  <testcase classname="testNG.RegisterWithDataProvider" name="datadrivenTesting" time="7.383"/>
  <system-out/>
</testsuite> <!-- testNG.RegisterWithDataProvider -->
