<?xml version="1.0" encoding="UTF-8"?>
<!-- Generated by org.testng.reporters.JUnitReportReporter -->
<testsuite hostname="Gana-HP" failures="0" tests="1" name="practice.Practice" time="25.088" errors="0" timestamp="2024-07-19T11:47:45 IST" skipped="0">
  <testcase classname="practice.Practice" name="practice" time="25.088"/>
  <system-out/>
</testsuite> <!-- practice.Practice -->
