<?xml version="1.0" encoding="UTF-8"?>
<!-- Generated by org.testng.reporters.JUnitReportReporter -->
<testsuite hostname="Gana-HP" failures="0" tests="1" name="frameWork.ShoppingCartTest" time="3.784" errors="0" timestamp="2023-10-18T17:44:23 IST" skipped="0">
  <testcase classname="frameWork.ShoppingCartTest" name="shoppingCartTest" time="3.784"/>
  <system-out/>
</testsuite> <!-- frameWork.ShoppingCartTest -->
