<?xml version="1.0" encoding="UTF-8"?>
<!-- Generated by org.testng.reporters.JUnitReportReporter -->
<testsuite hostname="Gana-HP" failures="0" tests="1" name="BrokenLink" time="179.925" errors="0" timestamp="2024-09-16T15:36:14 IST" skipped="0">
  <testcase classname="BrokenLink" name="brokenLink" time="179.925"/>
  <system-out/>
</testsuite> <!-- BrokenLink -->
