<?xml version="1.0" encoding="UTF-8"?>
<!-- Generated by org.testng.reporters.JUnitReportReporter -->
<testsuite hostname="Gana-HP" failures="0" tests="3" name="excel.DataProviderProgram" time="36.466" errors="0" timestamp="2023-10-18T10:32:01 IST" skipped="0">
  <testcase classname="excel.DataProviderProgram" name="loginTest" time="13.651"/>
  <system-out/>
  <testcase classname="excel.DataProviderProgram" name="loginTest" time="14.516"/>
  <system-out/>
  <testcase classname="excel.DataProviderProgram" name="loginTest" time="8.299"/>
  <system-out/>
</testsuite> <!-- excel.DataProviderProgram -->
