<?xml version="1.0" encoding="UTF-8"?>
<!-- Generated by org.testng.reporters.JUnitReportReporter -->
<testsuite hostname="Gana-HP" failures="0" tests="1" name="flight.FlightBookingTask" time="19.336" errors="0" timestamp="2024-03-07T12:50:56 IST" skipped="0">
  <testcase classname="flight.FlightBookingTask" name="flightBookTest" time="19.336"/>
  <system-out/>
</testsuite> <!-- flight.FlightBookingTask -->
