<?xml version="1.0" encoding="UTF-8"?>
<!-- Generated by org.testng.reporters.JUnitReportReporter -->
<testsuite hostname="Gana-HP" failures="0" tests="1" name="shoes.Adidas" time="9.307" errors="0" timestamp="2023-12-14T12:13:17 IST" skipped="0">
  <testcase classname="shoes.Adidas" name="adidas" time="9.307"/>
  <system-out>
    <![CDATA[Adidas shoe website launched successfully]]>
  </system-out>
</testsuite> <!-- shoes.Adidas -->
