<?xml version="1.0" encoding="UTF-8"?>
<!-- Generated by org.testng.reporters.JUnitReportReporter -->
<testsuite hostname="Gana-HP" failures="0" tests="1" name="practice.SS_Login" time="34.274" errors="0" timestamp="2024-07-19T17:04:23 IST" skipped="0">
  <testcase classname="practice.SS_Login" name="login" time="34.274"/>
  <system-out/>
</testsuite> <!-- practice.SS_Login -->
