<?xml version="1.0" encoding="UTF-8"?>
<!-- Generated by org.testng.reporters.JUnitReportReporter -->
<testsuite hostname="Gana-HP" failures="0" tests="6" name="learningTestNG.HelperAttributes" time="39.711" errors="0" timestamp="2023-12-13T17:47:51 IST" skipped="0">
  <testcase classname="learningTestNG.HelperAttributes" name="samsung" time="5.820"/>
  <system-out>
    <![CDATA[Samsung website launched successfully]]>
  </system-out>
  <testcase classname="learningTestNG.HelperAttributes" name="realme" time="9.214"/>
  <system-out>
    <![CDATA[Realme website launched successfully]]>
  </system-out>
  <testcase classname="learningTestNG.HelperAttributes" name="realme" time="7.870"/>
  <system-out>
    <![CDATA[Realme website launched successfully]]>
  </system-out>
  <testcase classname="learningTestNG.HelperAttributes" name="realme" time="10.273"/>
  <system-out>
    <![CDATA[Realme website launched successfully]]>
  </system-out>
  <testcase classname="learningTestNG.HelperAttributes" name="oppo" time="3.658"/>
  <system-out>
    <![CDATA[Oppo website launched successfully]]>
  </system-out>
  <testcase classname="learningTestNG.HelperAttributes" name="apple" time="2.876"/>
  <system-out>
    <![CDATA[Apple website launched successfully]]>
  </system-out>
</testsuite> <!-- learningTestNG.HelperAttributes -->
