<?xml version="1.0" encoding="UTF-8"?>
<!-- Generated by org.testng.reporters.JUnitReportReporter -->
<testsuite hostname="Gana-HP" failures="0" tests="1" name="crossBrowserTesting.Buffalo" time="29.779" errors="0" timestamp="2024-07-21T11:50:50 IST" skipped="0">
  <testcase classname="crossBrowserTesting.Buffalo" name="buffalo" time="29.779"/>
  <system-out>
    <![CDATA[Buffalo shoe website launched successfully]]>
  </system-out>
</testsuite> <!-- crossBrowserTesting.Buffalo -->
