<?xml version="1.0" encoding="UTF-8"?>
<!-- Generated by org.testng.reporters.JUnitReportReporter -->
<testsuite hostname="Gana-HP" failures="0" tests="1" name="scripting.LoginTest" time="7.378" errors="0" timestamp="2024-03-20T10:06:25 IST" skipped="0">
  <testcase classname="scripting.LoginTest" name="loginTest" time="7.378"/>
  <system-out/>
</testsuite> <!-- scripting.LoginTest -->
