<?xml version="1.0" encoding="UTF-8"?>
<!-- Generated by org.testng.reporters.JUnitReportReporter -->
<testsuite hostname="Gana-HP" failures="0" tests="1" name="shoes.Buffalo" time="9.075" errors="0" timestamp="2023-12-14T12:05:50 IST" skipped="0">
  <testcase classname="shoes.Buffalo" name="buffalo" time="9.075"/>
  <system-out>
    <![CDATA[Buffalo shoe website launched successfully]]>
  </system-out>
</testsuite> <!-- shoes.Buffalo -->
