<?xml version="1.0" encoding="UTF-8"?>
<!-- Generated by org.testng.reporters.JUnitReportReporter -->
<testsuite hostname="Gana-HP" failures="0" tests="3" name="testNG.LearningTestNG" time="0.012" errors="0" timestamp="2023-12-11T21:25:36 IST" skipped="0">
  <testcase classname="testNG.LearningTestNG" name="books" time="0.009"/>
  <system-out/>
  <testcase classname="testNG.LearningTestNG" name="electronics" time="0.001"/>
  <system-out/>
  <testcase classname="testNG.LearningTestNG" name="giftCards" time="0.002"/>
  <system-out/>
</testsuite> <!-- testNG.LearningTestNG -->
